<?xml version="1.0" encoding="UTF-8"?>
<!-- Generated by org.testng.reporters.JUnitReportReporter -->
<testsuite skipped="0" hostname="sys" name="com.archana.RestAPIAutomation.TC04_PUT_Request" tests="1" failures="0" timestamp="2020-02-07T21:30:32 EST" time="1.375" errors="0">
  <testcase name="updateComments" time="1.375" classname="com.archana.RestAPIAutomation.TC04_PUT_Request"/>
</testsuite> <!-- com.archana.RestAPIAutomation.TC04_PUT_Request -->
