<?xml version="1.0" encoding="UTF-8"?>
<!-- Generated by org.testng.reporters.JUnitReportReporter -->
<testsuite skipped="0" hostname="sys" name="TC02_POST_Request" tests="1" failures="0" timestamp="2020-02-05T20:34:13 EST" time="1.443" errors="0">
  <testcase name="createUser" time="1.443" classname="TC02_POST_Request"/>
</testsuite> <!-- TC02_POST_Request -->
