<?xml version="1.0" encoding="UTF-8"?>
<!-- Generated by org.testng.reporters.JUnitReportReporter -->
<testsuite skipped="0" hostname="sys" name="com.archana.RestAPIAutomation.TC06_PUT_Request" tests="1" failures="0" timestamp="2020-02-07T21:35:13 EST" time="1.112" errors="0">
  <testcase name="createUser" time="1.112" classname="com.archana.RestAPIAutomation.TC06_PUT_Request"/>
</testsuite> <!-- com.archana.RestAPIAutomation.TC06_PUT_Request -->
