<?xml version="1.0" encoding="UTF-8"?>
<!-- Generated by org.testng.reporters.JUnitReportReporter -->
<testsuite skipped="0" hostname="sys" name="TC01_GET_Request" tests="1" failures="0" timestamp="2020-02-05T18:48:41 EST" time="1.081" errors="0">
  <testcase name="getUsers" time="1.081" classname="TC01_GET_Request"/>
</testsuite> <!-- TC01_GET_Request -->
