<?xml version="1.0" encoding="UTF-8"?>
<!-- Generated by org.testng.reporters.JUnitReportReporter -->
<testsuite skipped="0" hostname="sys" name="com.archana.RestAPIAutomation.TC04_POST_Request" tests="1" failures="0" timestamp="2020-02-07T18:23:07 EST" time="1.165" errors="0">
  <testcase name="postComments" time="1.165" classname="com.archana.RestAPIAutomation.TC04_POST_Request"/>
</testsuite> <!-- com.archana.RestAPIAutomation.TC04_POST_Request -->
