<?xml version="1.0" encoding="UTF-8"?>
<!-- Generated by org.testng.reporters.JUnitReportReporter -->
<testsuite skipped="0" hostname="sys" name="com.archana.RestAPIAutomation.TC03_GET_Request" tests="1" failures="0" timestamp="2020-02-07T21:31:00 EST" time="0.964" errors="0">
  <testcase name="getComments" time="0.964" classname="com.archana.RestAPIAutomation.TC03_GET_Request"/>
</testsuite> <!-- com.archana.RestAPIAutomation.TC03_GET_Request -->
